<?xml version="1.0" encoding="UTF-8"?>
<!-- Generated by org.testng.reporters.JUnitReportReporter -->
<testsuite skipped="0" hostname="DESKTOP-501I3L1" name="day3.classrom.createlead" tests="1" failures="0" timestamp="2020-01-01T23:50:39 IST" time="22.786" errors="0">
  <testcase name="create" time="22.786" classname="day3.classrom.createlead"/>
</testsuite> <!-- day3.classrom.createlead -->
