<?xml version="1.0" encoding="UTF-8"?>
<!-- Generated by org.testng.reporters.JUnitReportReporter -->
<testsuite skipped="0" hostname="DESKTOP-501I3L1" name="FrameWork.Editlead" tests="1" failures="0" timestamp="2019-12-27T15:15:56 IST" time="37.140" errors="0">
  <testcase name="runEditLead" time="37.140" classname="FrameWork.Editlead"/>
</testsuite> <!-- FrameWork.Editlead -->
