<?xml version="1.0" encoding="UTF-8"?>
<!-- Generated by org.testng.reporters.JUnitReportReporter -->
<testsuite skipped="0" hostname="DESKTOP-501I3L1" name="FrameWork.CreateLead" tests="3" failures="0" timestamp="2019-12-27T15:00:21 IST" time="67.796" errors="0">
  <testcase name="runCreateLead" time="19.143" classname="FrameWork.CreateLead"/>
  <testcase name="runCreateLead" time="25.627" classname="FrameWork.CreateLead"/>
  <testcase name="runCreateLead" time="23.026" classname="FrameWork.CreateLead"/>
</testsuite> <!-- FrameWork.CreateLead -->
