<?xml version="1.0" encoding="UTF-8"?>
<!-- Generated by org.testng.reporters.JUnitReportReporter -->
<testsuite skipped="0" hostname="DESKTOP-501I3L1" name="FrameWork.DuplicateLead" tests="3" failures="0" timestamp="2019-12-27T14:38:20 IST" time="66.585" errors="0">
  <testcase name="runDuplicateLead" time="21.094" classname="FrameWork.DuplicateLead"/>
  <testcase name="runDuplicateLead" time="21.923" classname="FrameWork.DuplicateLead"/>
  <testcase name="runDuplicateLead" time="23.568" classname="FrameWork.DuplicateLead"/>
</testsuite> <!-- FrameWork.DuplicateLead -->
